

Started GET "/" for 127.0.0.1 at 2015-04-19 15:40:20 +0100

ActiveRecord::PendingMigrationError (

Migrations are pending. To resolve this issue, run:

	bin/rake db:migrate RAILS_ENV=development

):
  activerecord (4.1.4) lib/active_record/migration.rb:389:in `check_pending!'
  activerecord (4.1.4) lib/active_record/migration.rb:377:in `call'
  actionpack (4.1.4) lib/action_dispatch/middleware/callbacks.rb:29:in `block in call'
  activesupport (4.1.4) lib/active_support/callbacks.rb:82:in `run_callbacks'
  actionpack (4.1.4) lib/action_dispatch/middleware/callbacks.rb:27:in `call'
  actionpack (4.1.4) lib/action_dispatch/middleware/reloader.rb:73:in `call'
  actionpack (4.1.4) lib/action_dispatch/middleware/remote_ip.rb:76:in `call'
  actionpack (4.1.4) lib/action_dispatch/middleware/debug_exceptions.rb:17:in `call'
  actionpack (4.1.4) lib/action_dispatch/middleware/show_exceptions.rb:30:in `call'
  railties (4.1.4) lib/rails/rack/logger.rb:38:in `call_app'
  railties (4.1.4) lib/rails/rack/logger.rb:20:in `block in call'
  activesupport (4.1.4) lib/active_support/tagged_logging.rb:68:in `block in tagged'
  activesupport (4.1.4) lib/active_support/tagged_logging.rb:26:in `tagged'
  activesupport (4.1.4) lib/active_support/tagged_logging.rb:68:in `tagged'
  railties (4.1.4) lib/rails/rack/logger.rb:20:in `call'
  actionpack (4.1.4) lib/action_dispatch/middleware/request_id.rb:21:in `call'
  rack (1.5.2) lib/rack/methodoverride.rb:21:in `call'
  rack (1.5.2) lib/rack/runtime.rb:17:in `call'
  activesupport (4.1.4) lib/active_support/cache/strategy/local_cache_middleware.rb:26:in `call'
  rack (1.5.2) lib/rack/lock.rb:17:in `call'
  actionpack (4.1.4) lib/action_dispatch/middleware/static.rb:64:in `call'
  rack (1.5.2) lib/rack/sendfile.rb:112:in `call'
  railties (4.1.4) lib/rails/engine.rb:514:in `call'
  railties (4.1.4) lib/rails/application.rb:144:in `call'
  rack (1.5.2) lib/rack/lock.rb:17:in `call'
  rack (1.5.2) lib/rack/content_length.rb:14:in `call'
  rack (1.5.2) lib/rack/handler/webrick.rb:60:in `service'
  /Users/Peter/.rvm/rubies/ruby-2.1.2/lib/ruby/2.1.0/webrick/httpserver.rb:138:in `service'
  /Users/Peter/.rvm/rubies/ruby-2.1.2/lib/ruby/2.1.0/webrick/httpserver.rb:94:in `run'
  /Users/Peter/.rvm/rubies/ruby-2.1.2/lib/ruby/2.1.0/webrick/server.rb:295:in `block in start_thread'


  Rendered /Users/Peter/.rvm/gems/ruby-2.1.2/gems/actionpack-4.1.4/lib/action_dispatch/middleware/templates/rescues/_source.erb (0.7ms)
  Rendered /Users/Peter/.rvm/gems/ruby-2.1.2/gems/actionpack-4.1.4/lib/action_dispatch/middleware/templates/rescues/_trace.html.erb (2.4ms)
  Rendered /Users/Peter/.rvm/gems/ruby-2.1.2/gems/actionpack-4.1.4/lib/action_dispatch/middleware/templates/rescues/_request_and_response.html.erb (0.9ms)
  Rendered /Users/Peter/.rvm/gems/ruby-2.1.2/gems/actionpack-4.1.4/lib/action_dispatch/middleware/templates/rescues/diagnostics.erb within rescues/layout (24.8ms)
  [1m[36m (3.6ms)[0m  [1mCREATE TABLE "schema_migrations" ("version" varchar(255) NOT NULL) [0m
  [1m[35m (15.9ms)[0m  select sqlite_version(*)
  [1m[36m (15.0ms)[0m  [1mCREATE UNIQUE INDEX "unique_schema_migrations" ON "schema_migrations" ("version")[0m
  [1m[35mActiveRecord::SchemaMigration Load (0.2ms)[0m  SELECT "schema_migrations".* FROM "schema_migrations"
Migrating to CreateArticles (20140817165127)
  [1m[36m (0.1ms)[0m  [1mbegin transaction[0m
  [1m[35m (1.2ms)[0m  CREATE TABLE "articles" ("id" INTEGER PRIMARY KEY AUTOINCREMENT NOT NULL, "title" varchar(255), "text" text, "created_at" datetime, "updated_at" datetime) 
  [1m[36mSQL (0.6ms)[0m  [1mINSERT INTO "schema_migrations" ("version") VALUES (?)[0m  [["version", "20140817165127"]]
  [1m[35m (3.4ms)[0m  commit transaction
Migrating to CreateComments (20140825160539)
  [1m[36m (0.1ms)[0m  [1mbegin transaction[0m
  [1m[35m (0.4ms)[0m  CREATE TABLE "comments" ("id" INTEGER PRIMARY KEY AUTOINCREMENT NOT NULL, "commenter" varchar(255), "body" text, "article_id" integer, "created_at" datetime, "updated_at" datetime) 
  [1m[36m (0.1ms)[0m  [1mCREATE  INDEX "index_comments_on_article_id" ON "comments" ("article_id")[0m
  [1m[35mSQL (0.1ms)[0m  INSERT INTO "schema_migrations" ("version") VALUES (?)  [["version", "20140825160539"]]
  [1m[36m (1.2ms)[0m  [1mcommit transaction[0m
  [1m[35mActiveRecord::SchemaMigration Load (0.1ms)[0m  SELECT "schema_migrations".* FROM "schema_migrations"
  [1m[36m (14.0ms)[0m  [1m            SELECT sql
            FROM sqlite_master
            WHERE name='index_comments_on_article_id' AND type='index'
            UNION ALL
            SELECT sql
            FROM sqlite_temp_master
            WHERE name='index_comments_on_article_id' AND type='index'
[0m


Started GET "/" for 127.0.0.1 at 2015-04-19 15:41:08 +0100
  [1m[36mActiveRecord::SchemaMigration Load (0.1ms)[0m  [1mSELECT "schema_migrations".* FROM "schema_migrations"[0m
Processing by WelcomeController#index as HTML
  Rendered welcome/index.html.erb within layouts/application (14.3ms)
Completed 200 OK in 3417ms (Views: 3376.5ms | ActiveRecord: 0.0ms)


Started GET "/assets/articles.css?body=1" for 127.0.0.1 at 2015-04-19 15:41:12 +0100


Started GET "/assets/welcome.css?body=1" for 127.0.0.1 at 2015-04-19 15:41:12 +0100


Started GET "/assets/comments.css?body=1" for 127.0.0.1 at 2015-04-19 15:41:12 +0100


Started GET "/assets/application.css?body=1" for 127.0.0.1 at 2015-04-19 15:41:12 +0100


Started GET "/assets/jquery.js?body=1" for 127.0.0.1 at 2015-04-19 15:41:12 +0100


Started GET "/assets/jquery_ujs.js?body=1" for 127.0.0.1 at 2015-04-19 15:41:12 +0100


Started GET "/assets/turbolinks.js?body=1" for 127.0.0.1 at 2015-04-19 15:41:12 +0100


Started GET "/assets/comments.js?body=1" for 127.0.0.1 at 2015-04-19 15:41:12 +0100


Started GET "/assets/articles.js?body=1" for 127.0.0.1 at 2015-04-19 15:41:12 +0100


Started GET "/assets/welcome.js?body=1" for 127.0.0.1 at 2015-04-19 15:41:12 +0100


Started GET "/assets/application.js?body=1" for 127.0.0.1 at 2015-04-19 15:41:12 +0100


Started GET "/articles" for 127.0.0.1 at 2015-04-19 15:41:16 +0100
Processing by ArticlesController#index as HTML
  [1m[35mArticle Load (19.6ms)[0m  SELECT "articles".* FROM "articles"
  Rendered articles/index.html.erb within layouts/application (21.4ms)
Completed 200 OK in 102ms (Views: 12.3ms | ActiveRecord: 19.6ms)


Started GET "/articles/new" for 127.0.0.1 at 2015-04-19 15:41:20 +0100
Processing by ArticlesController#new as HTML
Filter chain halted as #<Proc:0x00000106109148@/Users/Peter/.rvm/gems/ruby-2.1.2/gems/actionpack-4.1.4/lib/action_controller/metal/http_authentication.rb:71> rendered or redirected
Completed 401 Unauthorized in 4ms (ActiveRecord: 0.0ms)


Started GET "/articles/new" for 127.0.0.1 at 2015-04-19 15:41:37 +0100
Processing by ArticlesController#new as HTML
Filter chain halted as #<Proc:0x00000106109148@/Users/Peter/.rvm/gems/ruby-2.1.2/gems/actionpack-4.1.4/lib/action_controller/metal/http_authentication.rb:71> rendered or redirected
Completed 401 Unauthorized in 1ms (ActiveRecord: 0.0ms)


Started GET "/articles/new" for 127.0.0.1 at 2015-04-19 15:41:47 +0100
Processing by ArticlesController#new as HTML
Filter chain halted as #<Proc:0x00000106109148@/Users/Peter/.rvm/gems/ruby-2.1.2/gems/actionpack-4.1.4/lib/action_controller/metal/http_authentication.rb:71> rendered or redirected
Completed 401 Unauthorized in 1ms (ActiveRecord: 0.0ms)


Started GET "/" for 127.0.0.1 at 2015-04-19 22:57:13 +0100
  [1m[36mActiveRecord::SchemaMigration Load (0.5ms)[0m  [1mSELECT "schema_migrations".* FROM "schema_migrations"[0m
Processing by WelcomeController#index as HTML
  Rendered welcome/index.html.erb within layouts/application (2.3ms)
Completed 200 OK in 270ms (Views: 241.7ms | ActiveRecord: 0.0ms)


Started GET "/assets/comments.css?body=1" for 127.0.0.1 at 2015-04-19 22:57:14 +0100


Started GET "/assets/application.css?body=1" for 127.0.0.1 at 2015-04-19 22:57:14 +0100


Started GET "/assets/articles.css?body=1" for 127.0.0.1 at 2015-04-19 22:57:14 +0100


Started GET "/assets/welcome.css?body=1" for 127.0.0.1 at 2015-04-19 22:57:14 +0100


Started GET "/assets/turbolinks.js?body=1" for 127.0.0.1 at 2015-04-19 22:57:14 +0100


Started GET "/assets/comments.js?body=1" for 127.0.0.1 at 2015-04-19 22:57:14 +0100


Started GET "/assets/articles.js?body=1" for 127.0.0.1 at 2015-04-19 22:57:14 +0100


Started GET "/assets/jquery.js?body=1" for 127.0.0.1 at 2015-04-19 22:57:14 +0100


Started GET "/assets/welcome.js?body=1" for 127.0.0.1 at 2015-04-19 22:57:14 +0100


Started GET "/assets/jquery_ujs.js?body=1" for 127.0.0.1 at 2015-04-19 22:57:14 +0100


Started GET "/assets/application.js?body=1" for 127.0.0.1 at 2015-04-19 22:57:14 +0100


Started GET "/assets/jquery_ujs.js?body=1" for 127.0.0.1 at 2015-04-19 22:57:15 +0100


Started GET "/assets/turbolinks.js?body=1" for 127.0.0.1 at 2015-04-19 22:57:15 +0100


Started GET "/assets/articles.js?body=1" for 127.0.0.1 at 2015-04-19 22:57:15 +0100


Started GET "/assets/comments.js?body=1" for 127.0.0.1 at 2015-04-19 22:57:15 +0100


Started GET "/assets/welcome.js?body=1" for 127.0.0.1 at 2015-04-19 22:57:15 +0100


Started GET "/assets/application.js?body=1" for 127.0.0.1 at 2015-04-19 22:57:15 +0100


Started GET "/articles" for 127.0.0.1 at 2015-04-19 22:57:19 +0100
Processing by ArticlesController#index as HTML
  [1m[35mArticle Load (21.3ms)[0m  SELECT "articles".* FROM "articles"
  Rendered articles/index.html.erb within layouts/application (23.2ms)
Completed 200 OK in 99ms (Views: 11.8ms | ActiveRecord: 21.3ms)


Started GET "/articles/new" for 127.0.0.1 at 2015-04-19 22:57:28 +0100
Processing by ArticlesController#new as HTML
Filter chain halted as #<Proc:0x00000106a45568@/Users/Peter/.rvm/gems/ruby-2.1.2/gems/actionpack-4.1.4/lib/action_controller/metal/http_authentication.rb:71> rendered or redirected
Completed 401 Unauthorized in 1ms (ActiveRecord: 0.0ms)


Started GET "/articles/new" for 127.0.0.1 at 2015-04-19 23:02:15 +0100
  [1m[36mActiveRecord::SchemaMigration Load (0.6ms)[0m  [1mSELECT "schema_migrations".* FROM "schema_migrations"[0m
Processing by ArticlesController#new as HTML
Filter chain halted as #<Proc:0x00000105823d80@/Users/Peter/.rvm/gems/ruby-2.1.2/gems/actionpack-4.1.4/lib/action_controller/metal/http_authentication.rb:71> rendered or redirected
Completed 401 Unauthorized in 51ms (ActiveRecord: 0.0ms)


Started GET "/articles/new" for 127.0.0.1 at 2015-04-19 23:02:16 +0100
Processing by ArticlesController#new as HTML
Filter chain halted as #<Proc:0x00000105823d80@/Users/Peter/.rvm/gems/ruby-2.1.2/gems/actionpack-4.1.4/lib/action_controller/metal/http_authentication.rb:71> rendered or redirected
Completed 401 Unauthorized in 1ms (ActiveRecord: 0.0ms)


Started GET "/" for 127.0.0.1 at 2015-04-19 23:02:23 +0100
Processing by WelcomeController#index as HTML
  Rendered welcome/index.html.erb within layouts/application (2.4ms)
Completed 200 OK in 297ms (Views: 295.8ms | ActiveRecord: 0.0ms)


Started GET "/assets/articles.css?body=1" for 127.0.0.1 at 2015-04-19 23:02:23 +0100


Started GET "/assets/comments.css?body=1" for 127.0.0.1 at 2015-04-19 23:02:23 +0100


Started GET "/assets/application.css?body=1" for 127.0.0.1 at 2015-04-19 23:02:23 +0100


Started GET "/assets/welcome.css?body=1" for 127.0.0.1 at 2015-04-19 23:02:23 +0100


Started GET "/assets/jquery.js?body=1" for 127.0.0.1 at 2015-04-19 23:02:23 +0100


Started GET "/assets/jquery_ujs.js?body=1" for 127.0.0.1 at 2015-04-19 23:02:23 +0100


Started GET "/assets/articles.js?body=1" for 127.0.0.1 at 2015-04-19 23:02:23 +0100


Started GET "/assets/turbolinks.js?body=1" for 127.0.0.1 at 2015-04-19 23:02:23 +0100


Started GET "/assets/welcome.js?body=1" for 127.0.0.1 at 2015-04-19 23:02:23 +0100


Started GET "/assets/comments.js?body=1" for 127.0.0.1 at 2015-04-19 23:02:23 +0100


Started GET "/assets/application.js?body=1" for 127.0.0.1 at 2015-04-19 23:02:23 +0100


Started GET "/articles" for 127.0.0.1 at 2015-04-19 23:02:25 +0100
Processing by ArticlesController#index as HTML
  [1m[35mArticle Load (26.8ms)[0m  SELECT "articles".* FROM "articles"
  Rendered articles/index.html.erb within layouts/application (29.2ms)
Completed 200 OK in 127ms (Views: 15.4ms | ActiveRecord: 26.8ms)


Started GET "/articles/new" for 127.0.0.1 at 2015-04-19 23:02:26 +0100
Processing by ArticlesController#new as HTML
Filter chain halted as #<Proc:0x00000105823d80@/Users/Peter/.rvm/gems/ruby-2.1.2/gems/actionpack-4.1.4/lib/action_controller/metal/http_authentication.rb:71> rendered or redirected
Completed 401 Unauthorized in 1ms (ActiveRecord: 0.0ms)


Started GET "/articles/new" for 127.0.0.1 at 2015-04-19 23:02:37 +0100
Processing by ArticlesController#new as HTML
  Rendered articles/_form.html.erb (149.8ms)
  Rendered articles/new.html.erb within layouts/application (175.7ms)
Completed 200 OK in 216ms (Views: 213.6ms | ActiveRecord: 0.5ms)


Started POST "/articles" for 127.0.0.1 at 2015-04-19 23:03:02 +0100
Processing by ArticlesController#create as HTML
  Parameters: {"utf8"=>"✓", "authenticity_token"=>"ILjx8vwmIwLi9GawTFKC2xQDi7L5CQP+j91a5zyyjSs=", "article"=>{"title"=>"New post 1", "text"=>"This is the first post!"}, "commit"=>"Create Article"}
Filter chain halted as #<Proc:0x00000105823d80@/Users/Peter/.rvm/gems/ruby-2.1.2/gems/actionpack-4.1.4/lib/action_controller/metal/http_authentication.rb:71> rendered or redirected
Completed 401 Unauthorized in 1ms (ActiveRecord: 0.0ms)


Started POST "/articles" for 127.0.0.1 at 2015-04-19 23:03:02 +0100
Processing by ArticlesController#create as HTML
  Parameters: {"utf8"=>"✓", "authenticity_token"=>"ILjx8vwmIwLi9GawTFKC2xQDi7L5CQP+j91a5zyyjSs=", "article"=>{"title"=>"New post 1", "text"=>"This is the first post!"}, "commit"=>"Create Article"}
  [1m[36m (0.1ms)[0m  [1mbegin transaction[0m
  [1m[35mSQL (39.5ms)[0m  INSERT INTO "articles" ("created_at", "text", "title", "updated_at") VALUES (?, ?, ?, ?)  [["created_at", "2015-04-19 22:03:02.308187"], ["text", "This is the first post!"], ["title", "New post 1"], ["updated_at", "2015-04-19 22:03:02.308187"]]
  [1m[36m (76.5ms)[0m  [1mcommit transaction[0m
Redirected to http://localhost:3000/articles/1
Completed 302 Found in 139ms (ActiveRecord: 116.0ms)


Started GET "/articles/1" for 127.0.0.1 at 2015-04-19 23:03:02 +0100
Processing by ArticlesController#show as HTML
  Parameters: {"id"=>"1"}
  [1m[35mArticle Load (0.2ms)[0m  SELECT  "articles".* FROM "articles"  WHERE "articles"."id" = ? LIMIT 1  [["id", 1]]
  [1m[36mComment Load (14.6ms)[0m  [1mSELECT "comments".* FROM "comments"  WHERE "comments"."article_id" = ?[0m  [["article_id", 1]]
  Rendered collection (0.0ms)
  Rendered comments/_form.html.erb (64.8ms)
  Rendered articles/show.html.erb within layouts/application (122.3ms)
Completed 200 OK in 155ms (Views: 137.9ms | ActiveRecord: 15.4ms)


Started GET "/assets/articles.css?body=1" for 127.0.0.1 at 2015-04-19 23:03:02 +0100


Started GET "/assets/application.css?body=1" for 127.0.0.1 at 2015-04-19 23:03:02 +0100


Started GET "/assets/jquery.js?body=1" for 127.0.0.1 at 2015-04-19 23:03:02 +0100


Started GET "/assets/comments.css?body=1" for 127.0.0.1 at 2015-04-19 23:03:02 +0100


Started GET "/assets/welcome.css?body=1" for 127.0.0.1 at 2015-04-19 23:03:02 +0100


Started GET "/assets/jquery_ujs.js?body=1" for 127.0.0.1 at 2015-04-19 23:03:02 +0100


Started GET "/assets/turbolinks.js?body=1" for 127.0.0.1 at 2015-04-19 23:03:02 +0100


Started GET "/assets/articles.js?body=1" for 127.0.0.1 at 2015-04-19 23:03:02 +0100


Started GET "/assets/comments.js?body=1" for 127.0.0.1 at 2015-04-19 23:03:02 +0100


Started GET "/assets/welcome.js?body=1" for 127.0.0.1 at 2015-04-19 23:03:02 +0100


Started GET "/assets/application.js?body=1" for 127.0.0.1 at 2015-04-19 23:03:02 +0100


Started GET "/assets/turbolinks.js?body=1" for 127.0.0.1 at 2015-04-19 23:03:02 +0100


Started POST "/articles/1/comments" for 127.0.0.1 at 2015-04-19 23:04:32 +0100
Processing by CommentsController#create as HTML
  Parameters: {"utf8"=>"✓", "authenticity_token"=>"ILjx8vwmIwLi9GawTFKC2xQDi7L5CQP+j91a5zyyjSs=", "comment"=>{"commenter"=>"Pete", "body"=>"Great first post!"}, "commit"=>"Create Comment", "article_id"=>"1"}
  [1m[35mArticle Load (0.2ms)[0m  SELECT  "articles".* FROM "articles"  WHERE "articles"."id" = ? LIMIT 1  [["id", 1]]
  [1m[36m (0.1ms)[0m  [1mbegin transaction[0m
  [1m[35mSQL (40.6ms)[0m  INSERT INTO "comments" ("article_id", "body", "commenter", "created_at", "updated_at") VALUES (?, ?, ?, ?, ?)  [["article_id", 1], ["body", "Great first post!"], ["commenter", "Pete"], ["created_at", "2015-04-19 22:04:32.640775"], ["updated_at", "2015-04-19 22:04:32.640775"]]
  [1m[36m (1.8ms)[0m  [1mcommit transaction[0m
Redirected to http://localhost:3000/articles/1
Completed 302 Found in 49ms (ActiveRecord: 42.7ms)


Started GET "/articles/1" for 127.0.0.1 at 2015-04-19 23:04:32 +0100
Processing by ArticlesController#show as HTML
  Parameters: {"id"=>"1"}
  [1m[35mArticle Load (0.1ms)[0m  SELECT  "articles".* FROM "articles"  WHERE "articles"."id" = ? LIMIT 1  [["id", 1]]
  [1m[36mComment Load (0.1ms)[0m  [1mSELECT "comments".* FROM "comments"  WHERE "comments"."article_id" = ?[0m  [["article_id", 1]]
  Rendered comments/_comment.html.erb (1.1ms)
  Rendered comments/_form.html.erb (2.1ms)
  Rendered articles/show.html.erb within layouts/application (6.7ms)
Completed 200 OK in 14ms (Views: 12.3ms | ActiveRecord: 0.3ms)


Started GET "/assets/articles.css?body=1" for 127.0.0.1 at 2015-04-19 23:04:32 +0100


Started GET "/assets/comments.css?body=1" for 127.0.0.1 at 2015-04-19 23:04:32 +0100


Started GET "/assets/welcome.css?body=1" for 127.0.0.1 at 2015-04-19 23:04:32 +0100


Started GET "/assets/turbolinks.js?body=1" for 127.0.0.1 at 2015-04-19 23:04:32 +0100


Started GET "/assets/application.css?body=1" for 127.0.0.1 at 2015-04-19 23:04:32 +0100


Started GET "/assets/jquery.js?body=1" for 127.0.0.1 at 2015-04-19 23:04:32 +0100


Started GET "/assets/jquery_ujs.js?body=1" for 127.0.0.1 at 2015-04-19 23:04:32 +0100


Started GET "/assets/articles.js?body=1" for 127.0.0.1 at 2015-04-19 23:04:32 +0100


Started GET "/assets/comments.js?body=1" for 127.0.0.1 at 2015-04-19 23:04:32 +0100


Started GET "/assets/application.js?body=1" for 127.0.0.1 at 2015-04-19 23:04:32 +0100


Started GET "/assets/welcome.js?body=1" for 127.0.0.1 at 2015-04-19 23:04:32 +0100


Started GET "/assets/turbolinks.js?body=1" for 127.0.0.1 at 2015-04-19 23:04:32 +0100


Started GET "/articles" for 127.0.0.1 at 2015-04-19 23:04:42 +0100
Processing by ArticlesController#index as HTML
  [1m[35mArticle Load (0.1ms)[0m  SELECT "articles".* FROM "articles"
  Rendered articles/index.html.erb within layouts/application (1.1ms)
Completed 200 OK in 32ms (Views: 30.5ms | ActiveRecord: 0.1ms)


Started GET "/" for 127.0.0.1 at 2015-04-20 08:03:55 +0100
  [1m[36mActiveRecord::SchemaMigration Load (0.6ms)[0m  [1mSELECT "schema_migrations".* FROM "schema_migrations"[0m
Processing by WelcomeController#index as HTML
  Rendered welcome/index.html.erb within layouts/application (2.2ms)
Completed 200 OK in 347ms (Views: 326.8ms | ActiveRecord: 0.0ms)


Started GET "/assets/comments.css?body=1" for 127.0.0.1 at 2015-04-20 08:03:56 +0100


Started GET "/assets/articles.css?body=1" for 127.0.0.1 at 2015-04-20 08:03:56 +0100


Started GET "/assets/jquery.js?body=1" for 127.0.0.1 at 2015-04-20 08:03:56 +0100


Started GET "/assets/application.css?body=1" for 127.0.0.1 at 2015-04-20 08:03:56 +0100


Started GET "/assets/turbolinks.js?body=1" for 127.0.0.1 at 2015-04-20 08:03:56 +0100


Started GET "/assets/jquery_ujs.js?body=1" for 127.0.0.1 at 2015-04-20 08:03:56 +0100


Started GET "/assets/welcome.css?body=1" for 127.0.0.1 at 2015-04-20 08:03:56 +0100


Started GET "/assets/articles.js?body=1" for 127.0.0.1 at 2015-04-20 08:03:56 +0100


Started GET "/assets/comments.js?body=1" for 127.0.0.1 at 2015-04-20 08:03:56 +0100


Started GET "/assets/welcome.js?body=1" for 127.0.0.1 at 2015-04-20 08:03:57 +0100


Started GET "/assets/application.js?body=1" for 127.0.0.1 at 2015-04-20 08:03:57 +0100


Started GET "/articles" for 127.0.0.1 at 2015-04-20 08:04:09 +0100
Processing by ArticlesController#index as HTML
  [1m[35mArticle Load (25.1ms)[0m  SELECT "articles".* FROM "articles"
  Rendered articles/index.html.erb within layouts/application (38.1ms)
Completed 200 OK in 98ms (Views: 24.8ms | ActiveRecord: 25.9ms)


Started GET "/" for 127.0.0.1 at 2015-04-28 13:52:12 +0100
  [1m[36mActiveRecord::SchemaMigration Load (0.5ms)[0m  [1mSELECT "schema_migrations".* FROM "schema_migrations"[0m
Processing by WelcomeController#index as HTML
  Rendered welcome/index.html.erb within layouts/application (3.5ms)
Completed 200 OK in 385ms (Views: 309.9ms | ActiveRecord: 0.0ms)


Started GET "/assets/articles.css?body=1" for 127.0.0.1 at 2015-04-28 13:52:14 +0100


Started GET "/assets/comments.css?body=1" for 127.0.0.1 at 2015-04-28 13:52:14 +0100


Started GET "/assets/welcome.css?body=1" for 127.0.0.1 at 2015-04-28 13:52:14 +0100


Started GET "/assets/application.css?body=1" for 127.0.0.1 at 2015-04-28 13:52:14 +0100


Started GET "/assets/jquery.js?body=1" for 127.0.0.1 at 2015-04-28 13:52:14 +0100


Started GET "/assets/jquery_ujs.js?body=1" for 127.0.0.1 at 2015-04-28 13:52:14 +0100


Started GET "/assets/turbolinks.js?body=1" for 127.0.0.1 at 2015-04-28 13:52:14 +0100


Started GET "/assets/articles.js?body=1" for 127.0.0.1 at 2015-04-28 13:52:14 +0100


Started GET "/assets/welcome.js?body=1" for 127.0.0.1 at 2015-04-28 13:52:14 +0100


Started GET "/assets/comments.js?body=1" for 127.0.0.1 at 2015-04-28 13:52:14 +0100


Started GET "/assets/application.js?body=1" for 127.0.0.1 at 2015-04-28 13:52:14 +0100


Started GET "/articles" for 127.0.0.1 at 2015-04-28 13:52:20 +0100
Processing by ArticlesController#index as HTML
  [1m[35mArticle Load (21.9ms)[0m  SELECT "articles".* FROM "articles"
  Rendered articles/index.html.erb within layouts/application (27.4ms)
Completed 200 OK in 101ms (Views: 19.5ms | ActiveRecord: 22.2ms)


Started GET "/" for 127.0.0.1 at 2015-04-28 14:10:42 +0100
  [1m[36mActiveRecord::SchemaMigration Load (12.5ms)[0m  [1mSELECT "schema_migrations".* FROM "schema_migrations"[0m
Processing by WelcomeController#index as HTML
  Rendered welcome/index.html.erb within layouts/application (2.9ms)
Completed 200 OK in 345ms (Views: 283.6ms | ActiveRecord: 0.0ms)


Started GET "/" for 127.0.0.1 at 2015-04-28 14:17:25 +0100
  [1m[36mActiveRecord::SchemaMigration Load (10.9ms)[0m  [1mSELECT "schema_migrations".* FROM "schema_migrations"[0m
Processing by WelcomeController#index as HTML
  Rendered welcome/index.html.erb within layouts/application (4.0ms)
Completed 200 OK in 363ms (Views: 317.0ms | ActiveRecord: 0.0ms)


Started GET "/" for 127.0.0.1 at 2015-04-28 14:18:12 +0100
  [1m[36mActiveRecord::SchemaMigration Load (11.6ms)[0m  [1mSELECT "schema_migrations".* FROM "schema_migrations"[0m
Processing by WelcomeController#index as HTML
  Rendered welcome/index.html.erb within layouts/application (3.2ms)
Completed 200 OK in 273ms (Views: 246.5ms | ActiveRecord: 0.0ms)


Started GET "/" for 127.0.0.1 at 2015-04-28 15:53:29 +0100
  [1m[36mActiveRecord::SchemaMigration Load (11.3ms)[0m  [1mSELECT "schema_migrations".* FROM "schema_migrations"[0m
Processing by WelcomeController#index as HTML
  Rendered welcome/index.html.erb within layouts/application (20.9ms)
Completed 200 OK in 390ms (Views: 341.1ms | ActiveRecord: 0.0ms)


Started GET "/articles" for 127.0.0.1 at 2015-04-28 15:58:56 +0100
  [1m[36mActiveRecord::SchemaMigration Load (0.5ms)[0m  [1mSELECT "schema_migrations".* FROM "schema_migrations"[0m
Processing by ArticlesController#index as HTML
  [1m[35mArticle Load (0.6ms)[0m  SELECT "articles".* FROM "articles"
  Rendered articles/index.html.erb within layouts/application (10.8ms)
Completed 500 Internal Server Error in 6927ms

ActionView::Template::Error (/Users/Peter/Makers/Projects/pmm_site/app/assets/stylesheets/application.css has already been required):
    2: <html>
    3: <head>
    4:   <title>Blog</title>
    5:   <%= stylesheet_link_tag    'application', media: 'all', 'data-turbolinks-track' => true %>
    6:   <%= javascript_include_tag 'application', 'data-turbolinks-track' => true %>
    7:   <%= csrf_meta_tags %>
    8: </head>
  app/views/layouts/application.html.erb:5:in `_app_views_layouts_application_html_erb__2544474689403193301_2194934420'


  Rendered /Users/Peter/.rvm/gems/ruby-2.1.2/gems/actionpack-4.1.4/lib/action_dispatch/middleware/templates/rescues/_trace.html.erb (1.8ms)
  Rendered /Users/Peter/.rvm/gems/ruby-2.1.2/gems/actionpack-4.1.4/lib/action_dispatch/middleware/templates/rescues/_request_and_response.html.erb (0.9ms)
  Rendered /Users/Peter/.rvm/gems/ruby-2.1.2/gems/actionpack-4.1.4/lib/action_dispatch/middleware/templates/rescues/template_error.html.erb within rescues/layout (19.2ms)


Started GET "/articles" for 127.0.0.1 at 2015-04-28 15:59:04 +0100
Processing by ArticlesController#index as HTML
  [1m[36mArticle Load (0.2ms)[0m  [1mSELECT "articles".* FROM "articles"[0m
  Rendered articles/index.html.erb within layouts/application (1.2ms)
Completed 500 Internal Server Error in 1167ms

ActionView::Template::Error (/Users/Peter/Makers/Projects/pmm_site/app/assets/stylesheets/application.css has already been required):
    2: <html>
    3: <head>
    4:   <title>Blog</title>
    5:   <%= stylesheet_link_tag    'application', media: 'all', 'data-turbolinks-track' => true %>
    6:   <%= javascript_include_tag 'application', 'data-turbolinks-track' => true %>
    7:   <%= csrf_meta_tags %>
    8: </head>
  app/views/layouts/application.html.erb:5:in `_app_views_layouts_application_html_erb__2544474689403193301_2194934420'


  Rendered /Users/Peter/.rvm/gems/ruby-2.1.2/gems/actionpack-4.1.4/lib/action_dispatch/middleware/templates/rescues/_trace.html.erb (1.1ms)
  Rendered /Users/Peter/.rvm/gems/ruby-2.1.2/gems/actionpack-4.1.4/lib/action_dispatch/middleware/templates/rescues/_request_and_response.html.erb (1.2ms)
  Rendered /Users/Peter/.rvm/gems/ruby-2.1.2/gems/actionpack-4.1.4/lib/action_dispatch/middleware/templates/rescues/template_error.html.erb within rescues/layout (13.7ms)


Started GET "/articles" for 127.0.0.1 at 2015-04-28 15:59:05 +0100
Processing by ArticlesController#index as HTML
  [1m[35mArticle Load (0.2ms)[0m  SELECT "articles".* FROM "articles"
  Rendered articles/index.html.erb within layouts/application (1.9ms)
Completed 500 Internal Server Error in 1182ms

ActionView::Template::Error (/Users/Peter/Makers/Projects/pmm_site/app/assets/stylesheets/application.css has already been required):
    2: <html>
    3: <head>
    4:   <title>Blog</title>
    5:   <%= stylesheet_link_tag    'application', media: 'all', 'data-turbolinks-track' => true %>
    6:   <%= javascript_include_tag 'application', 'data-turbolinks-track' => true %>
    7:   <%= csrf_meta_tags %>
    8: </head>
  app/views/layouts/application.html.erb:5:in `_app_views_layouts_application_html_erb__2544474689403193301_2194934420'


  Rendered /Users/Peter/.rvm/gems/ruby-2.1.2/gems/actionpack-4.1.4/lib/action_dispatch/middleware/templates/rescues/_trace.html.erb (2.1ms)
  Rendered /Users/Peter/.rvm/gems/ruby-2.1.2/gems/actionpack-4.1.4/lib/action_dispatch/middleware/templates/rescues/_request_and_response.html.erb (1.4ms)
  Rendered /Users/Peter/.rvm/gems/ruby-2.1.2/gems/actionpack-4.1.4/lib/action_dispatch/middleware/templates/rescues/template_error.html.erb within rescues/layout (15.7ms)


Started GET "/" for 127.0.0.1 at 2015-04-28 15:59:06 +0100
Processing by WelcomeController#index as HTML
  Rendered welcome/index.html.erb within layouts/application (1.6ms)
Completed 500 Internal Server Error in 1069ms

ActionView::Template::Error (/Users/Peter/Makers/Projects/pmm_site/app/assets/stylesheets/application.css has already been required):
    2: <html>
    3: <head>
    4:   <title>Blog</title>
    5:   <%= stylesheet_link_tag    'application', media: 'all', 'data-turbolinks-track' => true %>
    6:   <%= javascript_include_tag 'application', 'data-turbolinks-track' => true %>
    7:   <%= csrf_meta_tags %>
    8: </head>
  app/views/layouts/application.html.erb:5:in `_app_views_layouts_application_html_erb__2544474689403193301_2194934420'


  Rendered /Users/Peter/.rvm/gems/ruby-2.1.2/gems/actionpack-4.1.4/lib/action_dispatch/middleware/templates/rescues/_trace.html.erb (1.2ms)
  Rendered /Users/Peter/.rvm/gems/ruby-2.1.2/gems/actionpack-4.1.4/lib/action_dispatch/middleware/templates/rescues/_request_and_response.html.erb (1.2ms)
  Rendered /Users/Peter/.rvm/gems/ruby-2.1.2/gems/actionpack-4.1.4/lib/action_dispatch/middleware/templates/rescues/template_error.html.erb within rescues/layout (11.5ms)


Started GET "/" for 127.0.0.1 at 2015-04-28 16:02:23 +0100
  [1m[36mActiveRecord::SchemaMigration Load (10.4ms)[0m  [1mSELECT "schema_migrations".* FROM "schema_migrations"[0m
Processing by WelcomeController#index as HTML
  Rendered welcome/index.html.erb within layouts/application (4.0ms)
Completed 200 OK in 664ms (Views: 620.7ms | ActiveRecord: 0.0ms)


Started GET "/assets/jquery.js?body=1" for 127.0.0.1 at 2015-04-28 16:02:24 +0100


Started GET "/articles" for 127.0.0.1 at 2015-04-28 16:02:28 +0100
Processing by ArticlesController#index as HTML
  [1m[35mArticle Load (0.4ms)[0m  SELECT "articles".* FROM "articles"
  Rendered articles/index.html.erb within layouts/application (6.2ms)
Completed 200 OK in 96ms (Views: 23.0ms | ActiveRecord: 0.8ms)


Started GET "/articles/1" for 127.0.0.1 at 2015-04-28 16:02:33 +0100
Processing by ArticlesController#show as HTML
  Parameters: {"id"=>"1"}
  [1m[36mArticle Load (0.6ms)[0m  [1mSELECT  "articles".* FROM "articles"  WHERE "articles"."id" = ? LIMIT 1[0m  [["id", 1]]
  [1m[35mComment Load (11.0ms)[0m  SELECT "comments".* FROM "comments"  WHERE "comments"."article_id" = ?  [["article_id", 1]]
  Rendered comments/_comment.html.erb (12.3ms)
  Rendered comments/_form.html.erb (92.8ms)
  Rendered articles/show.html.erb within layouts/application (539.4ms)
Completed 200 OK in 576ms (Views: 559.6ms | ActiveRecord: 12.3ms)


Started GET "/articles" for 127.0.0.1 at 2015-04-28 16:02:49 +0100
Processing by ArticlesController#index as HTML
  [1m[36mArticle Load (0.3ms)[0m  [1mSELECT "articles".* FROM "articles"[0m
  Rendered articles/index.html.erb within layouts/application (3.2ms)
Completed 200 OK in 55ms (Views: 53.9ms | ActiveRecord: 0.3ms)


Started GET "/articles/1/edit" for 127.0.0.1 at 2015-04-28 16:02:51 +0100
Processing by ArticlesController#edit as HTML
  Parameters: {"id"=>"1"}
Filter chain halted as #<Proc:0x00000101bf5818@/Users/Peter/.rvm/gems/ruby-2.1.2/gems/actionpack-4.1.4/lib/action_controller/metal/http_authentication.rb:71> rendered or redirected
Completed 401 Unauthorized in 2ms (ActiveRecord: 0.0ms)


Started GET "/articles/1/edit" for 127.0.0.1 at 2015-04-28 16:02:56 +0100
Processing by ArticlesController#edit as HTML
  Parameters: {"id"=>"1"}
Filter chain halted as #<Proc:0x00000101bf5818@/Users/Peter/.rvm/gems/ruby-2.1.2/gems/actionpack-4.1.4/lib/action_controller/metal/http_authentication.rb:71> rendered or redirected
Completed 401 Unauthorized in 1ms (ActiveRecord: 0.0ms)


Started GET "/" for 127.0.0.1 at 2015-04-28 16:03:03 +0100
Processing by WelcomeController#index as HTML
  Rendered welcome/index.html.erb within layouts/application (0.6ms)
Completed 200 OK in 50ms (Views: 49.7ms | ActiveRecord: 0.0ms)


Started GET "/assets/jquery.js?body=1" for 127.0.0.1 at 2015-04-28 16:03:03 +0100
